<?xml version="1.0" encoding="UTF-8"?>
<!-- Generated by org.testng.reporters.JUnitReportReporter -->
<testsuite skipped="0" hostname="Lenovo" name="experiment.Exceldata" tests="1" failures="0" timestamp="05 Dec 2019 09:29:06 GMT" time="1.044" errors="0">
  <testcase name="main" time="1.044" classname="experiment.Exceldata"/>
</testsuite> <!-- experiment.Exceldata -->
