<?xml version="1.0" encoding="UTF-8"?>
<!-- Generated by org.testng.reporters.JUnitReportReporter -->
<testsuite skipped="0" hostname="Lenovo" name="experiment.ParallelExp" tests="2" failures="0" timestamp="05 Dec 2019 09:30:40 GMT" time="12.563" errors="0">
  <testcase name="lauchApp" time="5.315" classname="experiment.ParallelExp"/>
  <testcase name="lauchApp" time="7.248" classname="experiment.ParallelExp"/>
</testsuite> <!-- experiment.ParallelExp -->
